>>> 2 3
>>> 1 2
>>> 1 2
>>> 1 3
>>> 1 2
>>> 0 1
>>> 1 2
>>> 0 1
>>> 1 2
>>> 1 2
>>> 1 2
>>> 0 2
>>> 0 1
>>> 0 1
(lambda (t f) f)
(lambda (t f) f)
>>> 2 3
>>> 1 2
>>> 1 2
>>> 1 3
>>> 1 2
>>> 0 1
>>> 1 2
>>> 0 1
>>> 1 2
>>> 1 2
>>> 0 1
>>> 1 2
>>> 1 2
>>> 1 2
>>> 0 1
>>> 1 2
>>> 0 1
>>> 1 2
(lambda (t₇ f₁₁) t₇)
(lambda (t f) t)
>>> 2 3
>>> 1 2
>>> 1 2
>>> 1 3
>>> 1 2
>>> 0 1
>>> 1 2
>>> 0 1
>>> 0 1
>>> 0 1
>>> 0 1
>>> 1 2
>>> 0 1
>>> 1 2
>>> 0 1
>>> 0 1
(lambda (t₁₂ f₁₈) f₁₈)
(lambda (t f) f)
>>> 2 3
>>> 1 2
>>> 1 2
>>> 1 3
>>> 1 2
>>> 0 1
>>> 1 2
>>> 0 1
>>> 0 1
>>> 2 3
>>> 1 2
>>> 1 2
>>> 1 3
>>> 1 2
>>> 0 1
>>> 1 2
>>> 0 1
>>> 0 1
>>> 0 1
>>> 0 1
>>> 1 2
>>> 0 1
>>> 1 2
>>> 0 1
>>> 0 1
>>> 0 1
>>> 0 1
>>> 0 1
>>> 0 1
>>> 1 2
(lambda (t₂₁ f₃₁) t₂₁)
(lambda (t f) t)
>>> 2 3
>>> 1 2
>>> 1 2
>>> 1 3
>>> 1 2
>>> 0 1
>>> 1 2
>>> 0 1
>>> 0 1
>>> 2 3
>>> 1 2
>>> 1 2
>>> 1 3
>>> 1 2
>>> 0 1
>>> 1 2
>>> 0 1
>>> 0 1
>>> 0 1
>>> 0 1
>>> 1 2
>>> 0 1
>>> 1 2
>>> 0 1
>>> 0 1
>>> 0 1
>>> 0 1
>>> 0 1
>>> 0 1
>>> 1 2
(lambda (x t₃₀ f₄₄) t₃₀)
(lambda (x t f) t)
