>>> 2 3
>>> 1 2
>>> 1 2
>>> 1 3
>>> 1 2
>>> 0 1
>>> 1 2
>>> 0 1
>>> 1 3
>>> 2 3
>>> 1 2
>>> 1 2
>>> 1 2
>>> 1 3
>>> 0 1
>>> 1 3
>>> 2 3
>>> 1 2
>>> 1 2
>>> 1 2
>>> 1 2
>>> 1 3
>>> 0 1
>>> 1 2
>>> 1 2
>>> 1 2
>>> 1 2
>>> 1 2
>>> 0 2
>>> 1 3
>>> 2 3
>>> 1 2
>>> 1 2
>>> 1 3
>>> 0 1
>>> 1 3
>>> 2 3
>>> 1 2
>>> 1 2
>>> 1 3
>>> 1 3
>>> 2 3
>>> 1 2
>>> 1 2
>>> 1 2
>>> 1 2
>>> 0 1
>>> 1 2
>>> 1 3
>>> 0 1
>>> 1 3
>>> 2 3
>>> 1 2
>>> 1 2
>>> 1 2
>>> 1 3
>>> 0 1
>>> 1 3
>>> 2 3
>>> 1 2
>>> 1 2
>>> 1 2
>>> 1 2
>>> 1 3
>>> 0 1
>>> 1 3
>>> 2 3
>>> 1 2
>>> 1 2
>>> 1 2
>>> 1 2
>>> 1 2
>>> 1 3
>>> 0 1
>>> 1 3
>>> 2 3
>>> 1 2
>>> 1 2
>>> 1 2
>>> 1 2
>>> 1 2
>>> 1 2
>>> 1 3
>>> 0 1
>>> 1 3
>>> 2 3
>>> 1 2
>>> 1 2
>>> 1 2
>>> 1 2
>>> 1 2
>>> 1 2
>>> 1 2
>>> 1 3
>>> 0 1
>>> 1 3
>>> 1 3
>>> 2 3
>>> 1 2
>>> 1 2
>>> 1 2
>>> 1 2
>>> 1 2
>>> 1 2
>>> 1 2
>>> 1 2
>>> 1 3
>>> 0 1
(lambda (base₁₂ step₂₂) (step₂₂ (step₂₂ (step₂₂ (step₂₂ (step₂₂ (step₂₂ (step₂₂ base₁₂))))))))
>>> 1 3
>>> 2 3
>>> 1 2
>>> 1 2
>>> 1 2
>>> 1 3
>>> 0 1
>>> 1 3
>>> 2 3
>>> 1 2
>>> 1 2
>>> 1 2
>>> 1 2
>>> 1 3
>>> 0 1
>>> 1 3
>>> 2 3
>>> 1 2
>>> 1 2
>>> 1 2
>>> 1 2
>>> 1 2
>>> 1 3
>>> 0 1
>>> 1 3
>>> 2 3
>>> 1 2
>>> 1 2
>>> 1 2
>>> 1 2
>>> 1 2
>>> 1 2
>>> 1 3
>>> 0 1
>>> 1 3
>>> 2 3
>>> 1 2
>>> 1 2
>>> 1 2
>>> 1 2
>>> 1 2
>>> 1 2
>>> 1 2
>>> 1 3
>>> 0 1
>>> 1 3
>>> 2 3
>>> 1 2
>>> 1 2
>>> 1 2
>>> 1 2
>>> 1 2
>>> 1 2
>>> 1 2
>>> 1 2
>>> 1 3
>>> 0 1
>>> 1 3
>>> 2 3
>>> 1 2
>>> 1 2
>>> 1 2
>>> 1 2
>>> 1 2
>>> 1 2
>>> 1 2
>>> 1 2
>>> 1 2
>>> 1 3
>>> 0 1
(lambda (base₁₉ step₃₆) (step₃₆ (step₃₆ (step₃₆ (step₃₆ (step₃₆ (step₃₆ (step₃₆ base₁₉))))))))
>>> 2 3
>>> 1 2
>>> 1 2
>>> 1 3
>>> 1 2
>>> 0 1
>>> 1 2
>>> 0 1
>>> 1 3
>>> 2 3
>>> 1 2
>>> 1 2
>>> 1 2
>>> 1 3
>>> 0 1
>>> 1 3
>>> 2 3
>>> 1 2
>>> 1 2
>>> 1 2
>>> 1 2
>>> 1 3
>>> 0 1
>>> 1 3
>>> 2 3
>>> 1 2
>>> 1 2
>>> 1 2
>>> 1 2
>>> 1 2
>>> 1 3
>>> 0 1
>>> 1 2
>>> 1 2
>>> 1 2
>>> 1 2
>>> 1 2
>>> 1 2
>>> 0 2
>>> 1 3
>>> 2 3
>>> 1 2
>>> 1 2
>>> 1 3
>>> 0 1
>>> 1 3
>>> 2 3
>>> 1 2
>>> 1 2
>>> 1 3
>>> 1 3
>>> 2 3
>>> 1 2
>>> 1 2
>>> 1 2
>>> 1 2
>>> 0 1
>>> 1 2
>>> 1 3
>>> 0 1
>>> 1 3
>>> 2 3
>>> 1 2
>>> 1 2
>>> 1 2
>>> 1 2
>>> 1 2
>>> 0 1
>>> 1 2
>>> 1 3
>>> 0 1
>>> 1 3
>>> 2 3
>>> 1 2
>>> 1 2
>>> 1 2
>>> 1 3
>>> 0 1
>>> 1 3
>>> 2 3
>>> 1 2
>>> 1 2
>>> 1 2
>>> 1 2
>>> 1 3
>>> 0 1
>>> 1 3
>>> 2 3
>>> 1 2
>>> 1 2
>>> 1 2
>>> 1 2
>>> 1 2
>>> 1 3
>>> 0 1
>>> 1 3
>>> 1 3
>>> 1 3
>>> 2 3
>>> 1 2
>>> 1 2
>>> 1 2
>>> 1 2
>>> 1 2
>>> 1 2
>>> 1 3
>>> 0 1
(lambda (base₃₁ step₅₉) (step₅₉ (step₅₉ (step₅₉ (step₅₉ (step₅₉ (step₅₉ base₃₁)))))))
>>> 1 3
>>> 2 3
>>> 1 2
>>> 1 2
>>> 1 2
>>> 1 3
>>> 0 1
>>> 1 3
>>> 2 3
>>> 1 2
>>> 1 2
>>> 1 2
>>> 1 2
>>> 1 3
>>> 0 1
>>> 1 3
>>> 2 3
>>> 1 2
>>> 1 2
>>> 1 2
>>> 1 2
>>> 1 2
>>> 1 3
>>> 0 1
>>> 1 3
>>> 2 3
>>> 1 2
>>> 1 2
>>> 1 2
>>> 1 2
>>> 1 2
>>> 1 2
>>> 1 3
>>> 0 1
>>> 1 3
>>> 2 3
>>> 1 2
>>> 1 2
>>> 1 2
>>> 1 2
>>> 1 2
>>> 1 2
>>> 1 2
>>> 1 3
>>> 0 1
>>> 1 3
>>> 2 3
>>> 1 2
>>> 1 2
>>> 1 2
>>> 1 2
>>> 1 2
>>> 1 2
>>> 1 2
>>> 1 2
>>> 1 3
>>> 0 1
(lambda (base₃₇ step₇₁) (step₇₁ (step₇₁ (step₇₁ (step₇₁ (step₇₁ (step₇₁ base₃₇)))))))
>>> 2 3
>>> 1 2
>>> 1 2
>>> 1 3
>>> 2 3
>>> 1 2
>>> 1 2
>>> 1 3
>>> 1 2
>>> 0 1
>>> 1 2
>>> 0 1
>>> 1 2
>>> 0 1
>>> 1 2
>>> 0 1
>>> 1 3
>>> 2 3
>>> 1 2
>>> 1 2
>>> 1 2
>>> 1 3
>>> 0 1
>>> 1 3
>>> 2 3
>>> 1 2
>>> 1 2
>>> 1 2
>>> 1 2
>>> 1 3
>>> 0 1
>>> 1 4
>>> 3 4
>>> 2 3
>>> 1 2
>>> 1 2
>>> 1 3
>>> 1 2
>>> 1 2
>>> 1 2
>>> 1 4
>>> 0 1
>>> 1 3
>>> 2 3
>>> 1 2
>>> 1 2
>>> 1 2
>>> 1 3
>>> 0 1
>>> 1 3
>>> 2 3
>>> 1 2
>>> 1 2
>>> 1 2
>>> 1 2
>>> 1 3
>>> 0 1
>>> 1 3
>>> 2 3
>>> 1 2
>>> 1 2
>>> 1 2
>>> 1 2
>>> 1 2
>>> 1 3
>>> 0 1
>>> 1 3
>>> 2 3
>>> 1 2
>>> 1 2
>>> 1 2
>>> 1 2
>>> 1 2
>>> 1 2
>>> 1 3
>>> 0 1
>>> 1 3
>>> 2 3
>>> 1 2
>>> 1 2
>>> 1 2
>>> 1 2
>>> 1 2
>>> 1 2
>>> 1 2
>>> 1 3
>>> 0 1
>>> 1 3
>>> 1 3
>>> 2 3
>>> 1 2
>>> 1 2
>>> 1 2
>>> 1 2
>>> 1 2
>>> 1 2
>>> 1 2
>>> 1 2
>>> 1 3
>>> 0 1
(lambda (base₄₈ step₉₃) (step₉₃ (step₉₃ (step₉₃ (step₉₃ (step₉₃ (step₉₃ (step₉₃ base₄₈))))))))
>>> 1 3
>>> 2 3
>>> 1 2
>>> 1 2
>>> 1 2
>>> 1 3
>>> 0 1
>>> 1 3
>>> 2 3
>>> 1 2
>>> 1 2
>>> 1 2
>>> 1 2
>>> 1 3
>>> 0 1
>>> 1 3
>>> 2 3
>>> 1 2
>>> 1 2
>>> 1 2
>>> 1 2
>>> 1 2
>>> 1 3
>>> 0 1
>>> 1 3
>>> 2 3
>>> 1 2
>>> 1 2
>>> 1 2
>>> 1 2
>>> 1 2
>>> 1 2
>>> 1 3
>>> 0 1
>>> 1 3
>>> 2 3
>>> 1 2
>>> 1 2
>>> 1 2
>>> 1 2
>>> 1 2
>>> 1 2
>>> 1 2
>>> 1 3
>>> 0 1
>>> 1 3
>>> 2 3
>>> 1 2
>>> 1 2
>>> 1 2
>>> 1 2
>>> 1 2
>>> 1 2
>>> 1 2
>>> 1 2
>>> 1 3
>>> 0 1
>>> 1 3
>>> 2 3
>>> 1 2
>>> 1 2
>>> 1 2
>>> 1 2
>>> 1 2
>>> 1 2
>>> 1 2
>>> 1 2
>>> 1 2
>>> 1 3
>>> 0 1
(lambda (base₅₅ step₁₀₇) (step₁₀₇ (step₁₀₇ (step₁₀₇ (step₁₀₇ (step₁₀₇ (step₁₀₇ (step₁₀₇ base₅₅))))))))
>>> 2 3
>>> 1 2
>>> 1 2
>>> 1 3
>>> 2 3
>>> 1 2
>>> 1 2
>>> 1 3
>>> 1 2
>>> 0 1
>>> 1 2
>>> 0 1
>>> 1 2
>>> 0 1
>>> 1 2
>>> 0 1
>>> 1 3
>>> 2 3
>>> 1 2
>>> 1 2
>>> 1 2
>>> 1 3
>>> 0 1
>>> 1 3
>>> 2 3
>>> 1 2
>>> 1 2
>>> 1 2
>>> 1 2
>>> 1 3
>>> 0 1
>>> 1 3
>>> 2 3
>>> 1 2
>>> 1 2
>>> 1 2
>>> 1 2
>>> 1 2
>>> 1 3
>>> 0 1
>>> 1 4
>>> 3 4
>>> 2 3
>>> 1 2
>>> 1 2
>>> 1 3
>>> 1 2
>>> 1 2
>>> 1 2
>>> 1 2
>>> 1 4
>>> 0 1
>>> 1 3
>>> 2 3
>>> 1 2
>>> 1 2
>>> 1 2
>>> 1 3
>>> 0 1
>>> 1 3
>>> 2 3
>>> 1 2
>>> 1 2
>>> 1 2
>>> 1 2
>>> 1 3
>>> 0 1
>>> 1 3
>>> 2 3
>>> 1 2
>>> 1 2
>>> 1 2
>>> 1 2
>>> 1 2
>>> 1 3
>>> 0 1
>>> 1 3
>>> 1 3
>>> 1 3
>>> 2 3
>>> 1 2
>>> 1 2
>>> 1 2
>>> 1 2
>>> 1 2
>>> 1 2
>>> 1 3
>>> 0 1
(lambda (base₆₅ step₁₂₇) (step₁₂₇ (step₁₂₇ (step₁₂₇ (step₁₂₇ (step₁₂₇ (step₁₂₇ base₆₅)))))))
>>> 1 3
>>> 2 3
>>> 1 2
>>> 1 2
>>> 1 2
>>> 1 3
>>> 0 1
>>> 1 3
>>> 2 3
>>> 1 2
>>> 1 2
>>> 1 2
>>> 1 2
>>> 1 3
>>> 0 1
>>> 1 3
>>> 2 3
>>> 1 2
>>> 1 2
>>> 1 2
>>> 1 2
>>> 1 2
>>> 1 3
>>> 0 1
>>> 1 3
>>> 2 3
>>> 1 2
>>> 1 2
>>> 1 2
>>> 1 2
>>> 1 2
>>> 1 2
>>> 1 3
>>> 0 1
>>> 1 3
>>> 2 3
>>> 1 2
>>> 1 2
>>> 1 2
>>> 1 2
>>> 1 2
>>> 1 2
>>> 1 2
>>> 1 3
>>> 0 1
>>> 1 3
>>> 2 3
>>> 1 2
>>> 1 2
>>> 1 2
>>> 1 2
>>> 1 2
>>> 1 2
>>> 1 2
>>> 1 2
>>> 1 3
>>> 0 1
(lambda (base₇₁ step₁₃₉) (step₁₃₉ (step₁₃₉ (step₁₃₉ (step₁₃₉ (step₁₃₉ (step₁₃₉ base₇₁)))))))
